Interim/app/build/intermediates/manifest_merge_blame_file/debug/manifest-merger-blame-debug-report.txt
1<?xml version="1.0" encoding="utf-8"?>
2<manifest xmlns:android="http://schemas.android.com/apk/res/android"
3    package="com.example.interim"
4    android:versionCode="1"
5    android:versionName="1.0" >
6
7    <uses-sdk
8        android:minSdkVersion="24"
8-->src\main\AndroidManifest.xml
9        android:targetSdkVersion="33" />
9-->src\main\AndroidManifest.xml
10
11    <uses-permission android:name="android.permission.INTERNET" />
11-->src\main\AndroidManifest.xml:5:5-67
11-->src\main\AndroidManifest.xml:5:22-64
12    <uses-permission android:name="android.permission.ACCESS_NETWORK_STATE" />
12-->src\main\AndroidManifest.xml:6:5-79
12-->src\main\AndroidManifest.xml:6:22-76
13    <uses-permission android:name="android.permission.READ_EXTERNAL_STORAGE" />
13-->src\main\AndroidManifest.xml:7:5-80
13-->src\main\AndroidManifest.xml:7:22-77
14    <uses-permission android:name="android.permission.WRITE_EXTERNAL_STORAGE" />
14-->src\main\AndroidManifest.xml:8:5-81
14-->src\main\AndroidManifest.xml:8:22-78
15    <uses-permission android:name="android.permission.ACCESS_FINE_LOCATION" />
15-->src\main\AndroidManifest.xml:9:5-79
15-->src\main\AndroidManifest.xml:9:22-76
16    <uses-permission android:name="android.permission.ACCESS_COARSE_LOCATION" />
16-->src\main\AndroidManifest.xml:10:5-81
16-->src\main\AndroidManifest.xml:10:22-78
17
18    <permission
18-->[androidx.core:core:1.9.0] AndroidManifest.xml:22:5-24:47
19        android:name="com.example.interim.DYNAMIC_RECEIVER_NOT_EXPORTED_PERMISSION"
19-->[androidx.core:core:1.9.0] AndroidManifest.xml:23:9-81
20        android:protectionLevel="signature" />
20-->[androidx.core:core:1.9.0] AndroidManifest.xml:24:9-44
21
22    <uses-permission android:name="com.example.interim.DYNAMIC_RECEIVER_NOT_EXPORTED_PERMISSION" />
22-->[androidx.core:core:1.9.0] AndroidManifest.xml:26:5-97
22-->[androidx.core:core:1.9.0] AndroidManifest.xml:26:22-94
23
24    <application
24-->src\main\AndroidManifest.xml:12:5-103:19
25        android:allowBackup="true"
25-->src\main\AndroidManifest.xml:13:9-35
26        android:appComponentFactory="androidx.core.app.CoreComponentFactory"
26-->[androidx.core:core:1.9.0] AndroidManifest.xml:28:18-86
27        android:dataExtractionRules="@xml/data_extraction_rules"
27-->src\main\AndroidManifest.xml:14:9-65
28        android:debuggable="true"
29        android:extractNativeLibs="false"
30        android:fullBackupContent="@xml/backup_rules"
30-->src\main\AndroidManifest.xml:15:9-54
31        android:icon="@mipmap/ic_launcher"
31-->src\main\AndroidManifest.xml:16:9-43
32        android:label="@string/app_name"
32-->src\main\AndroidManifest.xml:17:9-41
33        android:supportsRtl="true"
33-->src\main\AndroidManifest.xml:18:9-35
34        android:testOnly="true"
35        android:theme="@style/Theme.Interim"
35-->src\main\AndroidManifest.xml:19:9-45
36        android:usesCleartextTraffic="true" >
36-->src\main\AndroidManifest.xml:20:9-44
37        <activity
37-->src\main\AndroidManifest.xml:22:9-24:40
38            android:name="com.example.interim.Item"
38-->src\main\AndroidManifest.xml:23:13-33
39            android:exported="false" />
39-->src\main\AndroidManifest.xml:24:13-37
40        <activity
40-->src\main\AndroidManifest.xml:25:9-27:40
41            android:name="com.example.interim.GererInterimaireProfil"
41-->src\main\AndroidManifest.xml:26:13-51
42            android:exported="false" />
42-->src\main\AndroidManifest.xml:27:13-37
43        <activity
43-->src\main\AndroidManifest.xml:28:9-30:40
44            android:name="com.example.interim.AccueilAnonyme"
44-->src\main\AndroidManifest.xml:29:13-43
45            android:exported="false" />
45-->src\main\AndroidManifest.xml:30:13-37
46        <activity
46-->src\main\AndroidManifest.xml:31:9-33:40
47            android:name="com.example.interim.CandidatureEnCoursEmpl"
47-->src\main\AndroidManifest.xml:32:13-51
48            android:exported="false" />
48-->src\main\AndroidManifest.xml:33:13-37
49        <activity
49-->src\main\AndroidManifest.xml:34:9-36:40
50            android:name="com.example.interim.AnnonceEmployeur"
50-->src\main\AndroidManifest.xml:35:13-45
51            android:exported="false" />
51-->src\main\AndroidManifest.xml:36:13-37
52        <activity
52-->src\main\AndroidManifest.xml:37:9-39:40
53            android:name="com.example.interim.Postule"
53-->src\main\AndroidManifest.xml:38:13-36
54            android:exported="false" />
54-->src\main\AndroidManifest.xml:39:13-37
55        <activity
55-->src\main\AndroidManifest.xml:40:9-42:40
56            android:name="com.example.interim.SavedOffers"
56-->src\main\AndroidManifest.xml:41:13-40
57            android:exported="false" />
57-->src\main\AndroidManifest.xml:42:13-37
58        <activity
58-->src\main\AndroidManifest.xml:43:9-45:40
59            android:name="com.example.interim.MesNotifs"
59-->src\main\AndroidManifest.xml:44:13-38
60            android:exported="false" />
60-->src\main\AndroidManifest.xml:45:13-37
61        <activity
61-->src\main\AndroidManifest.xml:46:9-48:40
62            android:name="com.example.interim.MesEmplois"
62-->src\main\AndroidManifest.xml:47:13-39
63            android:exported="false" />
63-->src\main\AndroidManifest.xml:48:13-37
64        <activity
64-->src\main\AndroidManifest.xml:49:9-51:40
65            android:name="com.example.interim.MesCandidatures"
65-->src\main\AndroidManifest.xml:50:13-44
66            android:exported="false" />
66-->src\main\AndroidManifest.xml:51:13-37
67        <activity
67-->src\main\AndroidManifest.xml:52:9-54:40
68            android:name="com.example.interim.OffreResultatRechercheInterim"
68-->src\main\AndroidManifest.xml:53:13-58
69            android:exported="false" />
69-->src\main\AndroidManifest.xml:54:13-37
70        <activity
70-->src\main\AndroidManifest.xml:55:9-57:40
71            android:name="com.example.interim.ChoixAbonnement"
71-->src\main\AndroidManifest.xml:56:13-44
72            android:exported="false" />
72-->src\main\AndroidManifest.xml:57:13-37
73        <activity
73-->src\main\AndroidManifest.xml:58:9-60:40
74            android:name="com.example.interim.MesOffres"
74-->src\main\AndroidManifest.xml:59:13-38
75            android:exported="false" />
75-->src\main\AndroidManifest.xml:60:13-37
76        <activity
76-->src\main\AndroidManifest.xml:61:9-63:40
77            android:name="com.example.interim.AddOffre"
77-->src\main\AndroidManifest.xml:62:13-37
78            android:exported="false" />
78-->src\main\AndroidManifest.xml:63:13-37
79        <activity
79-->src\main\AndroidManifest.xml:64:9-66:40
80            android:name="com.example.interim.InterimaireProfil"
80-->src\main\AndroidManifest.xml:65:13-46
81            android:exported="false" />
81-->src\main\AndroidManifest.xml:66:13-37
82        <activity
82-->src\main\AndroidManifest.xml:67:9-69:40
83            android:name="com.example.interim.EmployeurProfil"
83-->src\main\AndroidManifest.xml:68:13-44
84            android:exported="false" />
84-->src\main\AndroidManifest.xml:69:13-37
85        <activity
85-->src\main\AndroidManifest.xml:70:9-72:40
86            android:name="com.example.interim.Inscription2Publisher"
86-->src\main\AndroidManifest.xml:71:13-50
87            android:exported="false" />
87-->src\main\AndroidManifest.xml:72:13-37
88        <activity
88-->src\main\AndroidManifest.xml:73:9-75:40
89            android:name="com.example.interim.Inscription1Publisher"
89-->src\main\AndroidManifest.xml:74:13-50
90            android:exported="false" />
90-->src\main\AndroidManifest.xml:75:13-37
91        <activity
91-->src\main\AndroidManifest.xml:76:9-78:40
92            android:name="com.example.interim.Drawer_base"
92-->src\main\AndroidManifest.xml:77:13-40
93            android:exported="false" />
93-->src\main\AndroidManifest.xml:78:13-37
94        <activity
94-->src\main\AndroidManifest.xml:79:9-81:40
95            android:name="com.example.interim.Accueil"
95-->src\main\AndroidManifest.xml:80:13-36
96            android:exported="false" />
96-->src\main\AndroidManifest.xml:81:13-37
97        <activity
97-->src\main\AndroidManifest.xml:82:9-84:40
98            android:name="com.example.interim.Connexion"
98-->src\main\AndroidManifest.xml:83:13-38
99            android:exported="false" />
99-->src\main\AndroidManifest.xml:84:13-37
100        <activity
100-->src\main\AndroidManifest.xml:85:9-87:40
101            android:name="com.example.interim.Role"
101-->src\main\AndroidManifest.xml:86:13-33
102            android:exported="false" />
102-->src\main\AndroidManifest.xml:87:13-37
103        <activity
103-->src\main\AndroidManifest.xml:88:9-90:40
104            android:name="com.example.interim.Inscription2Interimaire"
104-->src\main\AndroidManifest.xml:89:13-52
105            android:exported="false" />
105-->src\main\AndroidManifest.xml:90:13-37
106        <activity
106-->src\main\AndroidManifest.xml:91:9-93:40
107            android:name="com.example.interim.Inscription1Interimaire"
107-->src\main\AndroidManifest.xml:92:13-52
108            android:exported="false" />
108-->src\main\AndroidManifest.xml:93:13-37
109        <activity
109-->src\main\AndroidManifest.xml:94:9-102:20
110            android:name="com.example.interim.MainActivity"
110-->src\main\AndroidManifest.xml:95:13-41
111            android:exported="true" >
111-->src\main\AndroidManifest.xml:96:13-36
112            <intent-filter>
112-->src\main\AndroidManifest.xml:97:13-101:29
113                <action android:name="android.intent.action.MAIN" />
113-->src\main\AndroidManifest.xml:98:17-69
113-->src\main\AndroidManifest.xml:98:25-66
114
115                <category android:name="android.intent.category.LAUNCHER" />
115-->src\main\AndroidManifest.xml:100:17-77
115-->src\main\AndroidManifest.xml:100:27-74
116            </intent-filter>
117        </activity>
118        <activity
118-->[com.google.firebase:firebase-auth:21.0.3] AndroidManifest.xml:27:9-44:20
119            android:name="com.google.firebase.auth.internal.GenericIdpActivity"
119-->[com.google.firebase:firebase-auth:21.0.3] AndroidManifest.xml:28:13-80
120            android:excludeFromRecents="true"
120-->[com.google.firebase:firebase-auth:21.0.3] AndroidManifest.xml:29:13-46
121            android:exported="true"
121-->[com.google.firebase:firebase-auth:21.0.3] AndroidManifest.xml:30:13-36
122            android:launchMode="singleTask"
122-->[com.google.firebase:firebase-auth:21.0.3] AndroidManifest.xml:31:13-44
123            android:theme="@android:style/Theme.Translucent.NoTitleBar" >
123-->[com.google.firebase:firebase-auth:21.0.3] AndroidManifest.xml:32:13-72
124            <intent-filter>
124-->[com.google.firebase:firebase-auth:21.0.3] AndroidManifest.xml:33:13-43:29
125                <action android:name="android.intent.action.VIEW" />
125-->[com.google.firebase:firebase-auth:21.0.3] AndroidManifest.xml:34:17-69
125-->[com.google.firebase:firebase-auth:21.0.3] AndroidManifest.xml:34:25-66
126
127                <category android:name="android.intent.category.DEFAULT" />
127-->[com.google.firebase:firebase-auth:21.0.3] AndroidManifest.xml:36:17-76
127-->[com.google.firebase:firebase-auth:21.0.3] AndroidManifest.xml:36:27-73
128                <category android:name="android.intent.category.BROWSABLE" />
128-->[com.google.firebase:firebase-auth:21.0.3] AndroidManifest.xml:37:17-78
128-->[com.google.firebase:firebase-auth:21.0.3] AndroidManifest.xml:37:27-75
129
130                <data
130-->[com.google.firebase:firebase-auth:21.0.3] AndroidManifest.xml:39:17-42:51
131                    android:host="firebase.auth"
131-->[com.google.firebase:firebase-auth:21.0.3] AndroidManifest.xml:40:21-49
132                    android:path="/"
132-->[com.google.firebase:firebase-auth:21.0.3] AndroidManifest.xml:41:21-37
133                    android:scheme="genericidp" />
133-->[com.google.firebase:firebase-auth:21.0.3] AndroidManifest.xml:42:21-48
134            </intent-filter>
135        </activity>
136        <activity
136-->[com.google.firebase:firebase-auth:21.0.3] AndroidManifest.xml:45:9-62:20
137            android:name="com.google.firebase.auth.internal.RecaptchaActivity"
137-->[com.google.firebase:firebase-auth:21.0.3] AndroidManifest.xml:46:13-79
138            android:excludeFromRecents="true"
138-->[com.google.firebase:firebase-auth:21.0.3] AndroidManifest.xml:47:13-46
139            android:exported="true"
139-->[com.google.firebase:firebase-auth:21.0.3] AndroidManifest.xml:48:13-36
140            android:launchMode="singleTask"
140-->[com.google.firebase:firebase-auth:21.0.3] AndroidManifest.xml:49:13-44
141            android:theme="@android:style/Theme.Translucent.NoTitleBar" >
141-->[com.google.firebase:firebase-auth:21.0.3] AndroidManifest.xml:50:13-72
142            <intent-filter>
142-->[com.google.firebase:firebase-auth:21.0.3] AndroidManifest.xml:51:13-61:29
143                <action android:name="android.intent.action.VIEW" />
143-->[com.google.firebase:firebase-auth:21.0.3] AndroidManifest.xml:34:17-69
143-->[com.google.firebase:firebase-auth:21.0.3] AndroidManifest.xml:34:25-66
144
145                <category android:name="android.intent.category.DEFAULT" />
145-->[com.google.firebase:firebase-auth:21.0.3] AndroidManifest.xml:36:17-76
145-->[com.google.firebase:firebase-auth:21.0.3] AndroidManifest.xml:36:27-73
146                <category android:name="android.intent.category.BROWSABLE" />
146-->[com.google.firebase:firebase-auth:21.0.3] AndroidManifest.xml:37:17-78
146-->[com.google.firebase:firebase-auth:21.0.3] AndroidManifest.xml:37:27-75
147
148                <data
148-->[com.google.firebase:firebase-auth:21.0.3] AndroidManifest.xml:39:17-42:51
149                    android:host="firebase.auth"
149-->[com.google.firebase:firebase-auth:21.0.3] AndroidManifest.xml:40:21-49
150                    android:path="/"
150-->[com.google.firebase:firebase-auth:21.0.3] AndroidManifest.xml:41:21-37
151                    android:scheme="recaptcha" />
151-->[com.google.firebase:firebase-auth:21.0.3] AndroidManifest.xml:42:21-48
152            </intent-filter>
153        </activity>
154
155        <service
155-->[com.google.firebase:firebase-auth:21.0.3] AndroidManifest.xml:64:9-70:19
156            android:name="com.google.firebase.components.ComponentDiscoveryService"
156-->[com.google.firebase:firebase-auth:21.0.3] AndroidManifest.xml:65:13-84
157            android:directBootAware="true"
157-->[com.google.firebase:firebase-common:20.3.2] AndroidManifest.xml:34:13-43
158            android:exported="false" >
158-->[com.google.firebase:firebase-auth:21.0.3] AndroidManifest.xml:66:13-37
159            <meta-data
159-->[com.google.firebase:firebase-auth:21.0.3] AndroidManifest.xml:67:13-69:85
160                android:name="com.google.firebase.components:com.google.firebase.auth.FirebaseAuthRegistrar"
160-->[com.google.firebase:firebase-auth:21.0.3] AndroidManifest.xml:68:17-109
161                android:value="com.google.firebase.components.ComponentRegistrar" />
161-->[com.google.firebase:firebase-auth:21.0.3] AndroidManifest.xml:69:17-82
162            <meta-data
162-->[com.google.firebase:firebase-storage-ktx:20.2.0] AndroidManifest.xml:14:13-16:85
163                android:name="com.google.firebase.components:com.google.firebase.storage.ktx.FirebaseStorageKtxRegistrar"
163-->[com.google.firebase:firebase-storage-ktx:20.2.0] AndroidManifest.xml:15:17-122
164                android:value="com.google.firebase.components.ComponentRegistrar" />
164-->[com.google.firebase:firebase-storage-ktx:20.2.0] AndroidManifest.xml:16:17-82
165            <meta-data
165-->[com.google.firebase:firebase-database-ktx:20.2.1] AndroidManifest.xml:14:13-16:85
166                android:name="com.google.firebase.components:com.google.firebase.database.ktx.FirebaseDatabaseKtxRegistrar"
166-->[com.google.firebase:firebase-database-ktx:20.2.1] AndroidManifest.xml:15:17-124
167                android:value="com.google.firebase.components.ComponentRegistrar" />
167-->[com.google.firebase:firebase-database-ktx:20.2.1] AndroidManifest.xml:16:17-82
168            <meta-data
168-->[com.google.firebase:firebase-database:20.2.1] AndroidManifest.xml:31:13-33:85
169                android:name="com.google.firebase.components:com.google.firebase.database.DatabaseRegistrar"
169-->[com.google.firebase:firebase-database:20.2.1] AndroidManifest.xml:32:17-109
170                android:value="com.google.firebase.components.ComponentRegistrar" />
170-->[com.google.firebase:firebase-database:20.2.1] AndroidManifest.xml:33:17-82
171            <meta-data
171-->[com.google.firebase:firebase-storage:20.2.0] AndroidManifest.xml:32:13-34:85
172                android:name="com.google.firebase.components:com.google.firebase.storage.StorageRegistrar"
172-->[com.google.firebase:firebase-storage:20.2.0] AndroidManifest.xml:33:17-107
173                android:value="com.google.firebase.components.ComponentRegistrar" />
173-->[com.google.firebase:firebase-storage:20.2.0] AndroidManifest.xml:34:17-82
174            <meta-data
174-->[com.google.firebase:firebase-common-ktx:20.3.2] AndroidManifest.xml:14:13-16:85
175                android:name="com.google.firebase.components:com.google.firebase.ktx.FirebaseCommonKtxRegistrar"
175-->[com.google.firebase:firebase-common-ktx:20.3.2] AndroidManifest.xml:15:17-113
176                android:value="com.google.firebase.components.ComponentRegistrar" />
176-->[com.google.firebase:firebase-common-ktx:20.3.2] AndroidManifest.xml:16:17-82
177        </service>
178
179        <provider
179-->[com.google.firebase:firebase-common:20.3.2] AndroidManifest.xml:25:9-30:39
180            android:name="com.google.firebase.provider.FirebaseInitProvider"
180-->[com.google.firebase:firebase-common:20.3.2] AndroidManifest.xml:26:13-77
181            android:authorities="com.example.interim.firebaseinitprovider"
181-->[com.google.firebase:firebase-common:20.3.2] AndroidManifest.xml:27:13-72
182            android:directBootAware="true"
182-->[com.google.firebase:firebase-common:20.3.2] AndroidManifest.xml:28:13-43
183            android:exported="false"
183-->[com.google.firebase:firebase-common:20.3.2] AndroidManifest.xml:29:13-37
184            android:initOrder="100" />
184-->[com.google.firebase:firebase-common:20.3.2] AndroidManifest.xml:30:13-36
185
186        <activity
186-->[com.google.android.gms:play-services-base:18.1.0] AndroidManifest.xml:20:9-22:45
187            android:name="com.google.android.gms.common.api.GoogleApiActivity"
187-->[com.google.android.gms:play-services-base:18.1.0] AndroidManifest.xml:20:19-85
188            android:exported="false"
188-->[com.google.android.gms:play-services-base:18.1.0] AndroidManifest.xml:22:19-43
189            android:theme="@android:style/Theme.Translucent.NoTitleBar" />
189-->[com.google.android.gms:play-services-base:18.1.0] AndroidManifest.xml:21:19-78
190
191        <meta-data
191-->[com.google.android.gms:play-services-basement:18.1.0] AndroidManifest.xml:21:9-23:69
192            android:name="com.google.android.gms.version"
192-->[com.google.android.gms:play-services-basement:18.1.0] AndroidManifest.xml:22:13-58
193            android:value="@integer/google_play_services_version" />
193-->[com.google.android.gms:play-services-basement:18.1.0] AndroidManifest.xml:23:13-66
194
195        <provider
195-->[androidx.emoji2:emoji2:1.2.0] AndroidManifest.xml:24:9-32:20
196            android:name="androidx.startup.InitializationProvider"
196-->[androidx.emoji2:emoji2:1.2.0] AndroidManifest.xml:25:13-67
197            android:authorities="com.example.interim.androidx-startup"
197-->[androidx.emoji2:emoji2:1.2.0] AndroidManifest.xml:26:13-68
198            android:exported="false" >
198-->[androidx.emoji2:emoji2:1.2.0] AndroidManifest.xml:27:13-37
199            <meta-data
199-->[androidx.emoji2:emoji2:1.2.0] AndroidManifest.xml:29:13-31:52
200                android:name="androidx.emoji2.text.EmojiCompatInitializer"
200-->[androidx.emoji2:emoji2:1.2.0] AndroidManifest.xml:30:17-75
201                android:value="androidx.startup" />
201-->[androidx.emoji2:emoji2:1.2.0] AndroidManifest.xml:31:17-49
202            <meta-data
202-->[androidx.lifecycle:lifecycle-process:2.4.1] AndroidManifest.xml:31:13-33:52
203                android:name="androidx.lifecycle.ProcessLifecycleInitializer"
203-->[androidx.lifecycle:lifecycle-process:2.4.1] AndroidManifest.xml:32:17-78
204                android:value="androidx.startup" />
204-->[androidx.lifecycle:lifecycle-process:2.4.1] AndroidManifest.xml:33:17-49
205        </provider>
206    </application>
207
208</manifest>